[2026-03-15T16:36:48.589Z] {"timestamp":1773592605981,"level":"DEBUG","args":["[Manus] Debug collector initialized (no rrweb, UI events only)"],"stack":null}
[2026-03-15T16:36:48.589Z] {"timestamp":1773592606210,"level":"DEBUG","args":["[vite] connected."],"stack":null}
[2026-03-15T16:36:48.589Z] {"timestamp":1773592606352,"level":"INFO","args":["%cDownload the React DevTools for a better development experience: https://react.dev/link/react-devtools","font-weight:bold"],"stack":null}
[2026-03-15T16:40:18.931Z] {"timestamp":1773592816405,"level":"DEBUG","args":["[Manus] Debug collector initialized (no rrweb, UI events only)"],"stack":null}
[2026-03-15T16:40:18.931Z] {"timestamp":1773592816562,"level":"INFO","args":["%cDownload the React DevTools for a better development experience: https://react.dev/link/react-devtools","font-weight:bold"],"stack":null}
[2026-03-15T16:40:18.931Z] {"timestamp":1773592816653,"level":"DEBUG","args":["[vite] connected."],"stack":null}
[2026-03-15T16:40:49.891Z] {"timestamp":1773592847364,"level":"DEBUG","args":["[Manus] Debug collector initialized (no rrweb, UI events only)"],"stack":null}
[2026-03-15T16:40:49.891Z] {"timestamp":1773592847595,"level":"INFO","args":["%cDownload the React DevTools for a better development experience: https://react.dev/link/react-devtools","font-weight:bold"],"stack":null}
[2026-03-15T16:40:49.891Z] {"timestamp":1773592847666,"level":"DEBUG","args":["[vite] connected."],"stack":null}
[2026-03-15T16:41:53.975Z] {"timestamp":1773592911444,"level":"DEBUG","args":["[Manus] Debug collector initialized (no rrweb, UI events only)"],"stack":null}
[2026-03-15T16:41:53.975Z] {"timestamp":1773592911604,"level":"DEBUG","args":["[vite] connected."],"stack":null}
[2026-03-15T16:41:53.975Z] {"timestamp":1773592911607,"level":"INFO","args":["%cDownload the React DevTools for a better development experience: https://react.dev/link/react-devtools","font-weight:bold"],"stack":null}
[2026-03-15T16:41:56.183Z] {"timestamp":1773592914065,"level":"DEBUG","args":["[Manus] Debug collector initialized (no rrweb, UI events only)"],"stack":null}
[2026-03-15T16:41:56.183Z] {"timestamp":1773592914724,"level":"DEBUG","args":["[vite] connected."],"stack":null}
[2026-03-15T16:41:56.183Z] {"timestamp":1773592915540,"level":"INFO","args":["%cDownload the React DevTools for a better development experience: https://react.dev/link/react-devtools","font-weight:bold"],"stack":null}
[2026-03-15T16:46:14.849Z] {"timestamp":1773593145718,"level":"DEBUG","args":["[vite]","hot updated: /src/components/TransformationResults.tsx"],"stack":null}
[2026-03-15T16:46:14.849Z] {"timestamp":1773593145719,"level":"DEBUG","args":["[vite]","hot updated: /src/index.css"],"stack":null}
[2026-03-15T16:46:15.977Z] {"timestamp":1773593173452,"level":"DEBUG","args":["[Manus] Debug collector initialized (no rrweb, UI events only)"],"stack":null}
[2026-03-15T16:46:15.977Z] {"timestamp":1773593173639,"level":"DEBUG","args":["[vite] connected."],"stack":null}
[2026-03-15T16:46:15.977Z] {"timestamp":1773593173648,"level":"INFO","args":["%cDownload the React DevTools for a better development experience: https://react.dev/link/react-devtools","font-weight:bold"],"stack":null}
[2026-03-15T17:00:23.240Z] {"timestamp":1773594021104,"level":"DEBUG","args":["[Manus] Debug collector initialized (no rrweb, UI events only)"],"stack":null}
[2026-03-15T17:00:23.240Z] {"timestamp":1773594021884,"level":"DEBUG","args":["[vite] connected."],"stack":null}
